\BOOKMARK [0][-]{chapter.1}{\376\377\000C\000l\000a\000s\000s\000\040\000I\000n\000d\000e\000x}{}
\BOOKMARK [1][-]{section.1.1}{\376\377\000C\000l\000a\000s\000s\000\040\000H\000i\000e\000r\000a\000r\000c\000h\000y}{chapter.1}
\BOOKMARK [0][-]{chapter.2}{\376\377\000C\000l\000a\000s\000s\000\040\000I\000n\000d\000e\000x}{}
\BOOKMARK [1][-]{section.2.1}{\376\377\000C\000l\000a\000s\000s\000\040\000L\000i\000s\000t}{chapter.2}
\BOOKMARK [0][-]{chapter.3}{\376\377\000F\000i\000l\000e\000\040\000I\000n\000d\000e\000x}{}
\BOOKMARK [1][-]{section.3.1}{\376\377\000F\000i\000l\000e\000\040\000L\000i\000s\000t}{chapter.3}
\BOOKMARK [0][-]{chapter.4}{\376\377\000C\000l\000a\000s\000s\000\040\000D\000o\000c\000u\000m\000e\000n\000t\000a\000t\000i\000o\000n}{}
\BOOKMARK [1][-]{section.4.1}{\376\377\000c\000o\000m\000:\000:\000d\000i\000a\000g\000:\000:\000a\000m\000i\000g\000o\000:\000:\000D\000i\000s\000p\000l\000a\000y\000\040\000S\000t\000r\000u\000c\000t\000\040\000R\000e\000f\000e\000r\000e\000n\000c\000e}{chapter.4}
\BOOKMARK [2][-]{subsection.4.1.1}{\376\377\000D\000e\000t\000a\000i\000l\000e\000d\000\040\000D\000e\000s\000c\000r\000i\000p\000t\000i\000o\000n}{section.4.1}
\BOOKMARK [2][-]{subsection.4.1.2}{\376\377\000M\000e\000m\000b\000e\000r\000\040\000F\000u\000n\000c\000t\000i\000o\000n\000\040\000D\000o\000c\000u\000m\000e\000n\000t\000a\000t\000i\000o\000n}{section.4.1}
\BOOKMARK [3][-]{subsubsection.4.1.2.1}{\376\377\000b\000e\000g\000i\000n}{subsection.4.1.2}
\BOOKMARK [3][-]{subsubsection.4.1.2.2}{\376\377\000r\000e\000a\000d}{subsection.4.1.2}
\BOOKMARK [3][-]{subsubsection.4.1.2.3}{\376\377\000s\000e\000t\000C\000u\000r\000s\000o\000r}{subsection.4.1.2}
\BOOKMARK [3][-]{subsubsection.4.1.2.4}{\376\377\000w\000r\000i\000t\000e}{subsection.4.1.2}
\BOOKMARK [1][-]{section.4.2}{\376\377\000c\000o\000m\000:\000:\000d\000i\000a\000g\000:\000:\000a\000m\000i\000g\000o\000:\000:\000L\000C\0001\0000\0000\000<\000\040\000\137\000C\000O\000L\000S\000\137\000,\000\040\000\137\000R\000O\000W\000S\000\137\000\040\000>\000\040\000C\000l\000a\000s\000s\000\040\000T\000e\000m\000p\000l\000a\000t\000e\000\040\000R\000e\000f\000e\000r\000e\000n\000c\000e}{chapter.4}
\BOOKMARK [2][-]{subsection.4.2.1}{\376\377\000D\000e\000t\000a\000i\000l\000e\000d\000\040\000D\000e\000s\000c\000r\000i\000p\000t\000i\000o\000n}{section.4.2}
\BOOKMARK [2][-]{subsection.4.2.2}{\376\377\000M\000e\000m\000b\000e\000r\000\040\000E\000n\000u\000m\000e\000r\000a\000t\000i\000o\000n\000\040\000D\000o\000c\000u\000m\000e\000n\000t\000a\000t\000i\000o\000n}{section.4.2}
\BOOKMARK [3][-]{subsubsection.4.2.2.1}{\376\377\000A\000c\000t\000i\000o\000n}{subsection.4.2.2}
\BOOKMARK [3][-]{subsubsection.4.2.2.2}{\376\377\000S\000t\000a\000t\000e}{subsection.4.2.2}
\BOOKMARK [2][-]{subsection.4.2.3}{\376\377\000C\000o\000n\000s\000t\000r\000u\000c\000t\000o\000r\000\040\000\046\000\040\000D\000e\000s\000t\000r\000u\000c\000t\000o\000r\000\040\000D\000o\000c\000u\000m\000e\000n\000t\000a\000t\000i\000o\000n}{section.4.2}
\BOOKMARK [3][-]{subsubsection.4.2.3.1}{\376\377\000L\000C\0001\0000\0000}{subsection.4.2.3}
\BOOKMARK [2][-]{subsection.4.2.4}{\376\377\000M\000e\000m\000b\000e\000r\000\040\000F\000u\000n\000c\000t\000i\000o\000n\000\040\000D\000o\000c\000u\000m\000e\000n\000t\000a\000t\000i\000o\000n}{section.4.2}
\BOOKMARK [3][-]{subsubsection.4.2.4.1}{\376\377\000b\000e\000g\000i\000n}{subsection.4.2.4}
\BOOKMARK [3][-]{subsubsection.4.2.4.2}{\376\377\000d\000o\000w\000n}{subsection.4.2.4}
\BOOKMARK [3][-]{subsubsection.4.2.4.3}{\376\377\000e\000m\000i\000t}{subsection.4.2.4}
\BOOKMARK [3][-]{subsubsection.4.2.4.4}{\376\377\000e\000r\000a\000s\000e}{subsection.4.2.4}
\BOOKMARK [3][-]{subsubsection.4.2.4.5}{\376\377\000f\000r\000a\000m\000e}{subsection.4.2.4}
\BOOKMARK [3][-]{subsubsection.4.2.4.6}{\376\377\000i\000n\000d\000e\000x}{subsection.4.2.4}
\BOOKMARK [3][-]{subsubsection.4.2.4.7}{\376\377\000i\000n\000d\000e\000x}{subsection.4.2.4}
\BOOKMARK [3][-]{subsubsection.4.2.4.8}{\376\377\000o\000n\000e}{subsection.4.2.4}
\BOOKMARK [3][-]{subsubsection.4.2.4.9}{\376\377\000r\000e\000a\000d}{subsection.4.2.4}
\BOOKMARK [3][-]{subsubsection.4.2.4.10}{\376\377\000s\000e\000t\000C\000u\000r\000s\000o\000r}{subsection.4.2.4}
\BOOKMARK [3][-]{subsubsection.4.2.4.11}{\376\377\000u\000p}{subsection.4.2.4}
\BOOKMARK [3][-]{subsubsection.4.2.4.12}{\376\377\000w\000r\000i\000t\000e}{subsection.4.2.4}
\BOOKMARK [1][-]{section.4.3}{\376\377\000c\000o\000m\000:\000:\000d\000i\000a\000g\000:\000:\000a\000m\000i\000g\000o\000:\000:\000L\000C\0001\0000\0000\000B\000a\000s\000e\000\040\000C\000l\000a\000s\000s\000\040\000R\000e\000f\000e\000r\000e\000n\000c\000e}{chapter.4}
\BOOKMARK [2][-]{subsection.4.3.1}{\376\377\000D\000e\000t\000a\000i\000l\000e\000d\000\040\000D\000e\000s\000c\000r\000i\000p\000t\000i\000o\000n}{section.4.3}
\BOOKMARK [2][-]{subsection.4.3.2}{\376\377\000M\000e\000m\000b\000e\000r\000\040\000E\000n\000u\000m\000e\000r\000a\000t\000i\000o\000n\000\040\000D\000o\000c\000u\000m\000e\000n\000t\000a\000t\000i\000o\000n}{section.4.3}
\BOOKMARK [3][-]{subsubsection.4.3.2.1}{\376\377\000A\000c\000t\000i\000o\000n}{subsection.4.3.2}
\BOOKMARK [3][-]{subsubsection.4.3.2.2}{\376\377\000S\000t\000a\000t\000e}{subsection.4.3.2}
\BOOKMARK [2][-]{subsection.4.3.3}{\376\377\000C\000o\000n\000s\000t\000r\000u\000c\000t\000o\000r\000\040\000\046\000\040\000D\000e\000s\000t\000r\000u\000c\000t\000o\000r\000\040\000D\000o\000c\000u\000m\000e\000n\000t\000a\000t\000i\000o\000n}{section.4.3}
\BOOKMARK [3][-]{subsubsection.4.3.3.1}{\376\377\000L\000C\0001\0000\0000\000B\000a\000s\000e}{subsection.4.3.3}
\BOOKMARK [2][-]{subsection.4.3.4}{\376\377\000M\000e\000m\000b\000e\000r\000\040\000F\000u\000n\000c\000t\000i\000o\000n\000\040\000D\000o\000c\000u\000m\000e\000n\000t\000a\000t\000i\000o\000n}{section.4.3}
\BOOKMARK [3][-]{subsubsection.4.3.4.1}{\376\377\000b\000e\000g\000i\000n}{subsection.4.3.4}
\BOOKMARK [3][-]{subsubsection.4.3.4.2}{\376\377\000d\000o\000w\000n}{subsection.4.3.4}
\BOOKMARK [3][-]{subsubsection.4.3.4.3}{\376\377\000e\000m\000i\000t}{subsection.4.3.4}
\BOOKMARK [3][-]{subsubsection.4.3.4.4}{\376\377\000e\000r\000a\000s\000e}{subsection.4.3.4}
\BOOKMARK [3][-]{subsubsection.4.3.4.5}{\376\377\000f\000r\000a\000m\000e}{subsection.4.3.4}
\BOOKMARK [3][-]{subsubsection.4.3.4.6}{\376\377\000i\000n\000d\000e\000x}{subsection.4.3.4}
\BOOKMARK [3][-]{subsubsection.4.3.4.7}{\376\377\000i\000n\000d\000e\000x}{subsection.4.3.4}
\BOOKMARK [3][-]{subsubsection.4.3.4.8}{\376\377\000o\000n\000e}{subsection.4.3.4}
\BOOKMARK [3][-]{subsubsection.4.3.4.9}{\376\377\000r\000e\000a\000d}{subsection.4.3.4}
\BOOKMARK [3][-]{subsubsection.4.3.4.10}{\376\377\000s\000e\000t\000C\000u\000r\000s\000o\000r}{subsection.4.3.4}
\BOOKMARK [3][-]{subsubsection.4.3.4.11}{\376\377\000u\000p}{subsection.4.3.4}
\BOOKMARK [3][-]{subsubsection.4.3.4.12}{\376\377\000w\000r\000i\000t\000e}{subsection.4.3.4}
\BOOKMARK [1][-]{section.4.4}{\376\377\000M\000o\000c\000k\000\040\000C\000l\000a\000s\000s\000\040\000R\000e\000f\000e\000r\000e\000n\000c\000e}{chapter.4}
\BOOKMARK [2][-]{subsection.4.4.1}{\376\377\000D\000e\000t\000a\000i\000l\000e\000d\000\040\000D\000e\000s\000c\000r\000i\000p\000t\000i\000o\000n}{section.4.4}
\BOOKMARK [2][-]{subsection.4.4.2}{\376\377\000M\000e\000m\000b\000e\000r\000\040\000F\000u\000n\000c\000t\000i\000o\000n\000\040\000D\000o\000c\000u\000m\000e\000n\000t\000a\000t\000i\000o\000n}{section.4.4}
\BOOKMARK [3][-]{subsubsection.4.4.2.1}{\376\377\000b\000e\000g\000i\000n}{subsection.4.4.2}
\BOOKMARK [3][-]{subsubsection.4.4.2.2}{\376\377\000r\000e\000a\000d}{subsection.4.4.2}
\BOOKMARK [3][-]{subsubsection.4.4.2.3}{\376\377\000s\000e\000t\000C\000u\000r\000s\000o\000r}{subsection.4.4.2}
\BOOKMARK [3][-]{subsubsection.4.4.2.4}{\376\377\000w\000r\000i\000t\000e}{subsection.4.4.2}
\BOOKMARK [0][-]{chapter.5}{\376\377\000F\000i\000l\000e\000\040\000D\000o\000c\000u\000m\000e\000n\000t\000a\000t\000i\000o\000n}{}
\BOOKMARK [1][-]{section.5.1}{\376\377\000L\000C\0001\0000\0000\000.\000c\000p\000p\000\040\000F\000i\000l\000e\000\040\000R\000e\000f\000e\000r\000e\000n\000c\000e}{chapter.5}
\BOOKMARK [2][-]{subsection.5.1.1}{\376\377\000D\000e\000t\000a\000i\000l\000e\000d\000\040\000D\000e\000s\000c\000r\000i\000p\000t\000i\000o\000n}{section.5.1}
\BOOKMARK [1][-]{section.5.2}{\376\377\000L\000C\0001\0000\0000\000.\000h\000\040\000F\000i\000l\000e\000\040\000R\000e\000f\000e\000r\000e\000n\000c\000e}{chapter.5}
\BOOKMARK [2][-]{subsection.5.2.1}{\376\377\000D\000e\000t\000a\000i\000l\000e\000d\000\040\000D\000e\000s\000c\000r\000i\000p\000t\000i\000o\000n}{section.5.2}
\BOOKMARK [1][-]{section.5.3}{\376\377\000R\000E\000A\000D\000M\000E\000.\000h\000\040\000F\000i\000l\000e\000\040\000R\000e\000f\000e\000r\000e\000n\000c\000e}{chapter.5}
\BOOKMARK [2][-]{subsection.5.3.1}{\376\377\000D\000e\000t\000a\000i\000l\000e\000d\000\040\000D\000e\000s\000c\000r\000i\000p\000t\000i\000o\000n}{section.5.3}
\BOOKMARK [1][-]{section.5.4}{\376\377\000T\000i\000n\000y\000T\000e\000r\000m\000i\000n\000a\000l\000.\000i\000n\000o\000\040\000F\000i\000l\000e\000\040\000R\000e\000f\000e\000r\000e\000n\000c\000e}{chapter.5}
\BOOKMARK [2][-]{subsection.5.4.1}{\376\377\000D\000e\000t\000a\000i\000l\000e\000d\000\040\000D\000e\000s\000c\000r\000i\000p\000t\000i\000o\000n}{section.5.4}
\BOOKMARK [2][-]{subsection.5.4.2}{\376\377\000D\000e\000f\000i\000n\000e\000\040\000D\000o\000c\000u\000m\000e\000n\000t\000a\000t\000i\000o\000n}{section.5.4}
\BOOKMARK [3][-]{subsubsection.5.4.2.1}{\376\377\000D\000E\000B\000U\000G}{subsection.5.4.2}
\BOOKMARK [2][-]{subsection.5.4.3}{\376\377\000F\000u\000n\000c\000t\000i\000o\000n\000\040\000D\000o\000c\000u\000m\000e\000n\000t\000a\000t\000i\000o\000n}{section.5.4}
\BOOKMARK [3][-]{subsubsection.5.4.3.1}{\376\377\000l\000o\000o\000p}{subsection.5.4.3}
\BOOKMARK [3][-]{subsubsection.5.4.3.2}{\376\377\000s\000e\000t\000u\000p}{subsection.5.4.3}
